<?xml version="1.0" encoding="UTF-8"?>
<!-- Generated by org.testng.reporters.JUnitReportReporter -->
<testsuite hostname="TBIN-WLT-061759" failures="0" tests="1" name="com.learnautomation.testcases.LoginToCrmWithXL" time="9.560" errors="0" timestamp="2023-03-27T16:10:29 IST" skipped="0">
  <testcase classname="com.learnautomation.testcases.LoginToCrmWithXL" name="login_app" time="9.560"/>
  <system-out/>
</testsuite> <!-- com.learnautomation.testcases.LoginToCrmWithXL -->
