<?xml version="1.0" encoding="UTF-8"?>
<!-- Generated by org.testng.reporters.JUnitReportReporter -->
<testsuite hostname="TBIN-WLT-061759" failures="0" tests="1" name="com.learnautomation.testcases.LoginToCrmWithXL" time="10.970" errors="0" timestamp="2023-03-30T13:25:41 IST" skipped="0">
  <testcase classname="com.learnautomation.testcases.LoginToCrmWithXL" name="login_app" time="10.970"/>
  <system-out/>
</testsuite> <!-- com.learnautomation.testcases.LoginToCrmWithXL -->
