<?xml version="1.0" encoding="UTF-8"?>
<!-- Generated by org.testng.reporters.JUnitReportReporter -->
<testsuite hostname="TBIN-WLT-061759" failures="0" tests="1" name="com.learnautomation.testcases.NonSubscribedUserLogin" time="13.151" errors="0" timestamp="2023-04-05T19:46:46 IST" skipped="0">
  <testcase classname="com.learnautomation.testcases.NonSubscribedUserLogin" name="NonSubscribedLogin" time="13.151"/>
  <system-out/>
</testsuite> <!-- com.learnautomation.testcases.NonSubscribedUserLogin -->
