<?xml version="1.0" encoding="UTF-8"?>
<!-- Generated by org.testng.reporters.JUnitReportReporter -->
<testsuite hostname="TBIN-WLT-061759" failures="0" tests="1" name="com.learnautomation.testcases.SignupFlow" time="14.651" errors="0" timestamp="2023-04-05T19:43:06 IST" skipped="0">
  <testcase classname="com.learnautomation.testcases.SignupFlow" name="SignUp" time="14.651"/>
  <system-out/>
</testsuite> <!-- com.learnautomation.testcases.SignupFlow -->
