<?xml version="1.0" encoding="UTF-8"?>
<!-- Generated by org.testng.reporters.JUnitReportReporter -->
<testsuite hostname="TBIN-WLT-061759" failures="0" tests="1" name="com.learnautomation.testcases.SubscribedUserLoginFlow" time="14.116" errors="0" timestamp="2023-04-05T19:45:23 IST" skipped="0">
  <testcase classname="com.learnautomation.testcases.SubscribedUserLoginFlow" name="SubscribedLogin" time="14.116"/>
  <system-out/>
</testsuite> <!-- com.learnautomation.testcases.SubscribedUserLoginFlow -->
