<?xml version="1.0" encoding="UTF-8"?>
<!-- Generated by org.testng.reporters.JUnitReportReporter -->
<testsuite hostname="TBIN-WLT-061759" failures="0" tests="1" name="com.learnautomation.testcases.ClickIndividualbutton" time="19.903" errors="0" timestamp="2023-04-04T16:17:45 IST" skipped="0">
  <testcase classname="com.learnautomation.testcases.ClickIndividualbutton" name="click_button" time="19.903"/>
  <system-out/>
</testsuite> <!-- com.learnautomation.testcases.ClickIndividualbutton -->
