<?xml version="1.0" encoding="UTF-8"?>
<!-- Generated by org.testng.reporters.JUnitReportReporter -->
<testsuite hostname="TBIN-WLT-061759" failures="0" tests="1" name="com.learnautomation.testcases.TestCaseWithoutFramework" time="22.111" errors="0" timestamp="2023-04-04T17:31:21 IST" skipped="0">
  <testcase classname="com.learnautomation.testcases.TestCaseWithoutFramework" name="test1" time="22.111"/>
  <system-out/>
</testsuite> <!-- com.learnautomation.testcases.TestCaseWithoutFramework -->
